DEBUG   |170221 15:11:36| -- Resetting Akeeba Engine factory (backend.id21)
DEBUG   |170221 15:11:36|Fetching filter data from database
DEBUG   |170221 15:11:36|Loading filters
DEBUG   |170221 15:11:36|-- Loading filter Files
DEBUG   |170221 15:11:36|-- Loading filter Tables
DEBUG   |170221 15:11:36|-- Loading filter Regextables
DEBUG   |170221 15:11:36|-- Loading filter Extradirs
DEBUG   |170221 15:11:36|-- Loading filter Directories
DEBUG   |170221 15:11:36|-- Loading filter Multidb
DEBUG   |170221 15:11:36|-- Loading filter Regexskipdirs
DEBUG   |170221 15:11:36|-- Loading filter Skipdirs
DEBUG   |170221 15:11:36|-- Loading filter Incremental
DEBUG   |170221 15:11:36|-- Loading filter Tabledata
DEBUG   |170221 15:11:36|-- Loading filter Regexdirectories
DEBUG   |170221 15:11:36|-- Loading filter Regextabledata
DEBUG   |170221 15:11:36|-- Loading filter Skipfiles
DEBUG   |170221 15:11:36|-- Loading filter Regexskipfiles
DEBUG   |170221 15:11:36|-- Loading filter Regexfiles
DEBUG   |170221 15:11:36|-- Loading filter Excludetabledata
DEBUG   |170221 15:11:36|-- Loading filter Excludefiles
DEBUG   |170221 15:11:36|-- Loading filter Systemcachefiles
DEBUG   |170221 15:11:36|-- Loading filter Cvsfolders
DEBUG   |170221 15:11:36|-- Loading filter Siteroot
DEBUG   |170221 15:11:36|-- Loading filter Excludefolders
DEBUG   |170221 15:11:36|-- Loading filter Joomlaskipdirs
DEBUG   |170221 15:11:36|-- Loading filter Sitedb
DEBUG   |170221 15:11:36|-- Loading filter Joomlaskipfiles
DEBUG   |170221 15:11:36|-- Loading filter Libraries
DEBUG   |170221 15:11:36|Loading optional filters
DEBUG   |170221 15:11:36|-- Loading optional filter Stack\StackErrorlogs
DEBUG   |170221 15:11:36|-- Loading optional filter Stack\StackHoststats
DEBUG   |170221 15:11:36|-- Loading optional filter Stack\StackFinder
DEBUG   |170221 15:11:36|-- Loading optional filter Stack\StackMyjoomla
DEBUG   |170221 15:20:07| -- Resetting Akeeba Engine factory (backend.id22)
DEBUG   |170221 15:20:07|Fetching filter data from database
DEBUG   |170221 15:20:07|Loading filters
DEBUG   |170221 15:20:07|-- Loading filter Files
DEBUG   |170221 15:20:07|-- Loading filter Tables
DEBUG   |170221 15:20:07|-- Loading filter Regextables
DEBUG   |170221 15:20:07|-- Loading filter Extradirs
DEBUG   |170221 15:20:07|-- Loading filter Directories
DEBUG   |170221 15:20:07|-- Loading filter Multidb
DEBUG   |170221 15:20:07|-- Loading filter Regexskipdirs
DEBUG   |170221 15:20:07|-- Loading filter Skipdirs
DEBUG   |170221 15:20:07|-- Loading filter Incremental
DEBUG   |170221 15:20:07|-- Loading filter Tabledata
DEBUG   |170221 15:20:07|-- Loading filter Regexdirectories
DEBUG   |170221 15:20:07|-- Loading filter Regextabledata
DEBUG   |170221 15:20:07|-- Loading filter Skipfiles
DEBUG   |170221 15:20:07|-- Loading filter Regexskipfiles
DEBUG   |170221 15:20:07|-- Loading filter Regexfiles
DEBUG   |170221 15:20:07|-- Loading filter Excludetabledata
DEBUG   |170221 15:20:07|-- Loading filter Excludefiles
DEBUG   |170221 15:20:07|-- Loading filter Systemcachefiles
DEBUG   |170221 15:20:07|-- Loading filter Cvsfolders
DEBUG   |170221 15:20:07|-- Loading filter Siteroot
DEBUG   |170221 15:20:07|-- Loading filter Excludefolders
DEBUG   |170221 15:20:07|-- Loading filter Joomlaskipdirs
DEBUG   |170221 15:20:07|-- Loading filter Sitedb
DEBUG   |170221 15:20:07|-- Loading filter Joomlaskipfiles
DEBUG   |170221 15:20:07|-- Loading filter Libraries
DEBUG   |170221 15:20:07|Loading optional filters
DEBUG   |170221 15:20:08|-- Loading optional filter Stack\StackErrorlogs
DEBUG   |170221 15:20:08|-- Loading optional filter Stack\StackHoststats
DEBUG   |170221 15:20:08|-- Loading optional filter Stack\StackFinder
DEBUG   |170221 15:20:08|-- Loading optional filter Stack\StackMyjoomla
